<?xml version="1.0" encoding="UTF-8"?>
<!-- Generated by org.testng.reporters.JUnitReportReporter -->
<testsuite hostname="DESKTOP-8NCKTNG" failures="0" tests="1" name="insertdata.Datatable" time="11.903" errors="0" timestamp="2023-11-04T17:33:52 IST" skipped="0">
  <testcase classname="insertdata.Datatable" name="data" time="11.903"/>
  <system-out/>
</testsuite> <!-- insertdata.Datatable -->
